\BOOKMARK [0][-]{chapter.1}{Paciente}{}% 1
\BOOKMARK [1][-]{section.1.1}{Registro de Cuenta}{chapter.1}% 2
\BOOKMARK [1][-]{section.1.2}{Iniciar Sesi\363n}{chapter.1}% 3
\BOOKMARK [1][-]{section.1.3}{Consultar Datos Personales}{chapter.1}% 4
\BOOKMARK [1][-]{section.1.4}{Editar Datos Personales}{chapter.1}% 5
\BOOKMARK [1][-]{section.1.5}{Cambiar Contrase\361a}{chapter.1}% 6
\BOOKMARK [1][-]{section.1.6}{Consultar Tratamientos}{chapter.1}% 7
\BOOKMARK [1][-]{section.1.7}{Consultar Informaci\363n de Tratamientos}{chapter.1}% 8
\BOOKMARK [1][-]{section.1.8}{Agregar Tratamiento}{chapter.1}% 9
\BOOKMARK [1][-]{section.1.9}{Agregar Medicamento}{chapter.1}% 10
\BOOKMARK [1][-]{section.1.10}{Consultar Recordatorios y Alertas}{chapter.1}% 11
\BOOKMARK [1][-]{section.1.11}{Agregar Auxiliar}{chapter.1}% 12
\BOOKMARK [1][-]{section.1.12}{Consultar Auxiliar}{chapter.1}% 13
\BOOKMARK [1][-]{section.1.13}{Eliminar Auxiliar}{chapter.1}% 14
\BOOKMARK [1][-]{section.1.14}{Consultar Doctor}{chapter.1}% 15
\BOOKMARK [0][-]{chapter.2}{Doctor}{}% 16
\BOOKMARK [1][-]{section.2.1}{Registro de Cuenta}{chapter.2}% 17
\BOOKMARK [1][-]{section.2.2}{Iniciar Sesi\363n}{chapter.2}% 18
\BOOKMARK [1][-]{section.2.3}{Consultar Datos Personales}{chapter.2}% 19
\BOOKMARK [1][-]{section.2.4}{Editar Datos Personales}{chapter.2}% 20
\BOOKMARK [1][-]{section.2.5}{Consultar Pacientes}{chapter.2}% 21
\BOOKMARK [1][-]{section.2.6}{Consultar Tratamientos de Pacientes}{chapter.2}% 22
\BOOKMARK [1][-]{section.2.7}{Agregar Paciente}{chapter.2}% 23
\BOOKMARK [1][-]{section.2.8}{Agregar Tratamiento a Paciente Nuevo}{chapter.2}% 24
\BOOKMARK [1][-]{section.2.9}{Agregar Medicamento}{chapter.2}% 25
\BOOKMARK [0][-]{chapter.3}{Auxiliar}{}% 26
\BOOKMARK [1][-]{section.3.1}{Registro de Cuenta}{chapter.3}% 27
\BOOKMARK [1][-]{section.3.2}{Iniciar Sesi\363n}{chapter.3}% 28
\BOOKMARK [1][-]{section.3.3}{Consultar Datos Personales}{chapter.3}% 29
\BOOKMARK [1][-]{section.3.4}{Editar Datos Personales}{chapter.3}% 30
\BOOKMARK [1][-]{section.3.5}{Agregar Paciente}{chapter.3}% 31
\BOOKMARK [1][-]{section.3.6}{Consultar Tratamientos}{chapter.3}% 32
\BOOKMARK [1][-]{section.3.7}{Agregar Tratamiento}{chapter.3}% 33
\BOOKMARK [1][-]{section.3.8}{Agregar Medicamento}{chapter.3}% 34
